[debug] [2022-06-28T16:17:00.857Z] ----------------------------------------------------------------------
[debug] [2022-06-28T16:17:00.859Z] Command:       C:\Program Files\nodejs\node.exe C:\Users\muska\AppData\Roaming\npm\node_modules\firebase-tools\lib\bin\firebase.js init
[debug] [2022-06-28T16:17:00.859Z] CLI Version:   11.1.0
[debug] [2022-06-28T16:17:00.859Z] Platform:      win32
[debug] [2022-06-28T16:17:00.860Z] Node Version:  v16.14.2
[debug] [2022-06-28T16:17:00.860Z] Time:          Tue Jun 28 2022 21:47:00 GMT+0530 (India Standard Time)
[debug] [2022-06-28T16:17:00.860Z] ----------------------------------------------------------------------
[debug] 
[debug] [2022-06-28T16:17:00.867Z] > command requires scopes: ["email","openid","https://www.googleapis.com/auth/cloudplatformprojects.readonly","https://www.googleapis.com/auth/firebase","https://www.googleapis.com/auth/cloud-platform"]
[debug] [2022-06-28T16:17:00.867Z] > authorizing via signed-in user (muskanmehta0604@gmail.com)
[info] 
     ######## #### ########  ######## ########     ###     ######  ########
     ##        ##  ##     ## ##       ##     ##  ##   ##  ##       ##
     ######    ##  ########  ######   ########  #########  ######  ######
     ##        ##  ##    ##  ##       ##     ## ##     ##       ## ##
     ##       #### ##     ## ######## ########  ##     ##  ######  ########

You're about to initialize a Firebase project in this directory:

  C:\Users\muska\OneDrive\Desktop\memories_project\server

[info] 
=== Project Setup
[info] 
[info] First, let's associate this project directory with a Firebase project.
[info] You can create multiple project aliases by running firebase use --add, 
[info] but for now we'll just set up a default project.
[info] 
[info] i  If you want to create a project in a Google Cloud organization or folder, please use "firebase projects:create" instead, and return to this command when you've created the project. 
[debug] [2022-06-28T16:20:16.929Z] >>> [apiv2][query] POST https://cloudresourcemanager.googleapis.com/v1/projects [none]
[debug] [2022-06-28T16:20:16.930Z] >>> [apiv2][body] POST https://cloudresourcemanager.googleapis.com/v1/projects {"projectId":"memories","name":"memories"}
[debug] [2022-06-28T16:20:18.608Z] <<< [apiv2][status] POST https://cloudresourcemanager.googleapis.com/v1/projects 409
[debug] [2022-06-28T16:20:18.608Z] <<< [apiv2][body] POST https://cloudresourcemanager.googleapis.com/v1/projects {"error":{"code":409,"message":"Requested entity already exists","status":"ALREADY_EXISTS"}}
[debug] [2022-06-28T16:20:18.926Z] FirebaseError: HTTP Error: 409, Requested entity already exists
    at responseToError (C:\Users\muska\AppData\Roaming\npm\node_modules\firebase-tools\lib\responseToError.js:49:12)
    at RetryOperation._fn (C:\Users\muska\AppData\Roaming\npm\node_modules\firebase-tools\lib\apiv2.js:287:77)
    at processTicksAndRejections (node:internal/process/task_queues:96:5)
[error] 
[error] Error: Failed to create project because there is already a project with ID memories. Please try again with a unique project ID.
